
> storybook-chromatic-demo@1.0.0 build-storybook
> storybook build --output-dir /var/folders/dr/q63rk__n7l1bbkhkcbdhtrx00000gn/T/chromatic--9299-YQPAXCYdbEpZ

@storybook/cli v8.1.10

info => Cleaning outputDir: ../../../../var/folders/dr/q63rk__n7l1bbkhkcbdhtrx00000gn/T/chromatic--9299-YQPAXCYdbEpZ
info => Loading presets
info => Building manager..
info => Manager built (79 ms)
info => Building preview..
[36mvite v5.3.1 [32mbuilding for production...[36m[39m
transforming...
[32m✓[39m 637 modules transformed.
rendering chunks...
computing gzip size...
[2m../../../../var/folders/dr/q63rk__n7l1bbkhkcbdhtrx00000gn/T/chromatic--9299-YQPAXCYdbEpZ/[22m[2massets/[22m[32mcontext-C0qIqeS4.png                    [39m[1m[2m  6.12 kB[22m[1m[22m
[2m../../../../var/folders/dr/q63rk__n7l1bbkhkcbdhtrx00000gn/T/chromatic--9299-YQPAXCYdbEpZ/[22m[2massets/[22m[32mstyling-Bk6zjRzU.png                    [39m[1m[2m  7.24 kB[22m[1m[22m
[2m../../../../var/folders/dr/q63rk__n7l1bbkhkcbdhtrx00000gn/T/chromatic--9299-YQPAXCYdbEpZ/[22m[32miframe.html                                    [39m[1m[2m 16.08 kB[22m[1m[22m[2m │ gzip:   4.42 kB[22m
[2m../../../../var/folders/dr/q63rk__n7l1bbkhkcbdhtrx00000gn/T/chromatic--9299-YQPAXCYdbEpZ/[22m[2massets/[22m[32mdocs---vsFbMi.png                       [39m[1m[2m 27.88 kB[22m[1m[22m
[2m../../../../var/folders/dr/q63rk__n7l1bbkhkcbdhtrx00000gn/T/chromatic--9299-YQPAXCYdbEpZ/[22m[2massets/[22m[32mshare-DGA-UcQf.png                      [39m[1m[2m 40.77 kB[22m[1m[22m
[2m../../../../var/folders/dr/q63rk__n7l1bbkhkcbdhtrx00000gn/T/chromatic--9299-YQPAXCYdbEpZ/[22m[2massets/[22m[32maccessibility-W_h2acOZ.png              [39m[1m[2m 42.34 kB[22m[1m[22m
[2m../../../../var/folders/dr/q63rk__n7l1bbkhkcbdhtrx00000gn/T/chromatic--9299-YQPAXCYdbEpZ/[22m[2massets/[22m[32mfigma-plugin-CH2hELiO.png               [39m[1m[2m 44.25 kB[22m[1m[22m
[2m../../../../var/folders/dr/q63rk__n7l1bbkhkcbdhtrx00000gn/T/chromatic--9299-YQPAXCYdbEpZ/[22m[2massets/[22m[32mtheming-D6WJLNoW.png                    [39m[1m[2m 44.37 kB[22m[1m[22m
[2m../../../../var/folders/dr/q63rk__n7l1bbkhkcbdhtrx00000gn/T/chromatic--9299-YQPAXCYdbEpZ/[22m[2massets/[22m[32mtesting-cbzR9l9r.png                    [39m[1m[2m 49.31 kB[22m[1m[22m
[2m../../../../var/folders/dr/q63rk__n7l1bbkhkcbdhtrx00000gn/T/chromatic--9299-YQPAXCYdbEpZ/[22m[2massets/[22m[32maddon-library-BWUCAmyN.png              [39m[1m[2m467.37 kB[22m[1m[22m
[2m../../../../var/folders/dr/q63rk__n7l1bbkhkcbdhtrx00000gn/T/chromatic--9299-YQPAXCYdbEpZ/[22m[2massets/[22m[35mHeader-BjLH3naM.css                     [39m[1m[2m  0.51 kB[22m[1m[22m[2m │ gzip:   0.30 kB[22m
[2m../../../../var/folders/dr/q63rk__n7l1bbkhkcbdhtrx00000gn/T/chromatic--9299-YQPAXCYdbEpZ/[22m[2massets/[22m[35mButton-BZPtbeKF.css                     [39m[1m[2m  0.52 kB[22m[1m[22m[2m │ gzip:   0.29 kB[22m
[2m../../../../var/folders/dr/q63rk__n7l1bbkhkcbdhtrx00000gn/T/chromatic--9299-YQPAXCYdbEpZ/[22m[2massets/[22m[35mPage-B9ntr4df.css                       [39m[1m[2m  0.93 kB[22m[1m[22m[2m │ gzip:   0.40 kB[22m
[2m../../../../var/folders/dr/q63rk__n7l1bbkhkcbdhtrx00000gn/T/chromatic--9299-YQPAXCYdbEpZ/[22m[2massets/[22m[36mpreview-B4GcaC1c.js                     [39m[1m[2m  0.07 kB[22m[1m[22m[2m │ gzip:   0.08 kB[22m
[2m../../../../var/folders/dr/q63rk__n7l1bbkhkcbdhtrx00000gn/T/chromatic--9299-YQPAXCYdbEpZ/[22m[2massets/[22m[36mpreview-CIRcjyVj.js                     [39m[1m[2m  0.11 kB[22m[1m[22m[2m │ gzip:   0.11 kB[22m
[2m../../../../var/folders/dr/q63rk__n7l1bbkhkcbdhtrx00000gn/T/chromatic--9299-YQPAXCYdbEpZ/[22m[2massets/[22m[36mpreview-C7dafcN_.js                     [39m[1m[2m  0.16 kB[22m[1m[22m[2m │ gzip:   0.16 kB[22m
[2m../../../../var/folders/dr/q63rk__n7l1bbkhkcbdhtrx00000gn/T/chromatic--9299-YQPAXCYdbEpZ/[22m[2massets/[22m[36mWithTooltip-KJL26V4Q-dFVp_gd1.js        [39m[1m[2m  0.33 kB[22m[1m[22m[2m │ gzip:   0.19 kB[22m
[2m../../../../var/folders/dr/q63rk__n7l1bbkhkcbdhtrx00000gn/T/chromatic--9299-YQPAXCYdbEpZ/[22m[2massets/[22m[36msyntaxhighlighter-BP7B2CQK-BLrEz2DP.js  [39m[1m[2m  0.37 kB[22m[1m[22m[2m │ gzip:   0.23 kB[22m
[2m../../../../var/folders/dr/q63rk__n7l1bbkhkcbdhtrx00000gn/T/chromatic--9299-YQPAXCYdbEpZ/[22m[2massets/[22m[36mindex-FeUjBnvO.js                       [39m[1m[2m  0.42 kB[22m[1m[22m[2m │ gzip:   0.27 kB[22m
[2m../../../../var/folders/dr/q63rk__n7l1bbkhkcbdhtrx00000gn/T/chromatic--9299-YQPAXCYdbEpZ/[22m[2massets/[22m[36mreact-18-Dz2HlB-T.js                    [39m[1m[2m  0.56 kB[22m[1m[22m[2m │ gzip:   0.34 kB[22m
[2m../../../../var/folders/dr/q63rk__n7l1bbkhkcbdhtrx00000gn/T/chromatic--9299-YQPAXCYdbEpZ/[22m[2massets/[22m[36mpreview-TCN6m6T-.js                     [39m[1m[2m  0.64 kB[22m[1m[22m[2m │ gzip:   0.44 kB[22m
[2m../../../../var/folders/dr/q63rk__n7l1bbkhkcbdhtrx00000gn/T/chromatic--9299-YQPAXCYdbEpZ/[22m[2massets/[22m[36mpreview-BpcF_O6y.js                     [39m[1m[2m  0.71 kB[22m[1m[22m[2m │ gzip:   0.50 kB[22m
[2m../../../../var/folders/dr/q63rk__n7l1bbkhkcbdhtrx00000gn/T/chromatic--9299-YQPAXCYdbEpZ/[22m[2massets/[22m[36mindex-DrFu-skq.js                       [39m[1m[2m  0.77 kB[22m[1m[22m[2m │ gzip:   0.47 kB[22m
[2m../../../../var/folders/dr/q63rk__n7l1bbkhkcbdhtrx00000gn/T/chromatic--9299-YQPAXCYdbEpZ/[22m[2massets/[22m[36mindex-Bres9Iq4.js                       [39m[1m[2m  0.79 kB[22m[1m[22m[2m │ gzip:   0.51 kB[22m
[2m../../../../var/folders/dr/q63rk__n7l1bbkhkcbdhtrx00000gn/T/chromatic--9299-YQPAXCYdbEpZ/[22m[2massets/[22m[36mpreview-DKRP7vZX.js                     [39m[1m[2m  0.85 kB[22m[1m[22m[2m │ gzip:   0.53 kB[22m
[2m../../../../var/folders/dr/q63rk__n7l1bbkhkcbdhtrx00000gn/T/chromatic--9299-YQPAXCYdbEpZ/[22m[2massets/[22m[36mHeader.stories-CLE8XirF.js              [39m[1m[2m  0.88 kB[22m[1m[22m[2m │ gzip:   0.45 kB[22m
[2m../../../../var/folders/dr/q63rk__n7l1bbkhkcbdhtrx00000gn/T/chromatic--9299-YQPAXCYdbEpZ/[22m[2massets/[22m[36mDocsRenderer-K4EAMTCU-DYlqzUsM.js       [39m[1m[2m  1.31 kB[22m[1m[22m[2m │ gzip:   0.69 kB[22m
[2m../../../../var/folders/dr/q63rk__n7l1bbkhkcbdhtrx00000gn/T/chromatic--9299-YQPAXCYdbEpZ/[22m[2massets/[22m[36mentry-preview-C4bsXTIv.js               [39m[1m[2m  1.36 kB[22m[1m[22m[2m │ gzip:   0.77 kB[22m
[2m../../../../var/folders/dr/q63rk__n7l1bbkhkcbdhtrx00000gn/T/chromatic--9299-YQPAXCYdbEpZ/[22m[2massets/[22m[36mButton.stories-RvdK-_rx.js              [39m[1m[2m  1.51 kB[22m[1m[22m[2m │ gzip:   0.56 kB[22m
[2m../../../../var/folders/dr/q63rk__n7l1bbkhkcbdhtrx00000gn/T/chromatic--9299-YQPAXCYdbEpZ/[22m[2massets/[22m[36mHeader-DtaCefKY.js                      [39m[1m[2m  1.78 kB[22m[1m[22m[2m │ gzip:   0.78 kB[22m
[2m../../../../var/folders/dr/q63rk__n7l1bbkhkcbdhtrx00000gn/T/chromatic--9299-YQPAXCYdbEpZ/[22m[2massets/[22m[36mindex-DXimoRZY.js                       [39m[1m[2m  2.58 kB[22m[1m[22m[2m │ gzip:   1.26 kB[22m
[2m../../../../var/folders/dr/q63rk__n7l1bbkhkcbdhtrx00000gn/T/chromatic--9299-YQPAXCYdbEpZ/[22m[2massets/[22m[36mpreview-CwqMn10d.js                     [39m[1m[2m  3.19 kB[22m[1m[22m[2m │ gzip:   1.37 kB[22m
[2m../../../../var/folders/dr/q63rk__n7l1bbkhkcbdhtrx00000gn/T/chromatic--9299-YQPAXCYdbEpZ/[22m[2massets/[22m[36mpreview-Ct5NkTJf.js                     [39m[1m[2m  3.50 kB[22m[1m[22m[2m │ gzip:   1.69 kB[22m
[2m../../../../var/folders/dr/q63rk__n7l1bbkhkcbdhtrx00000gn/T/chromatic--9299-YQPAXCYdbEpZ/[22m[2massets/[22m[36mPage.stories-Dk7buAJT.js                [39m[1m[2m  3.61 kB[22m[1m[22m[2m │ gzip:   1.52 kB[22m
[2m../../../../var/folders/dr/q63rk__n7l1bbkhkcbdhtrx00000gn/T/chromatic--9299-YQPAXCYdbEpZ/[22m[2massets/[22m[36miframe-ZFb6C9-T.js                      [39m[1m[2m  4.61 kB[22m[1m[22m[2m │ gzip:   1.85 kB[22m
[2m../../../../var/folders/dr/q63rk__n7l1bbkhkcbdhtrx00000gn/T/chromatic--9299-YQPAXCYdbEpZ/[22m[2massets/[22m[36mpreview-BAz7FMXc.js                     [39m[1m[2m  7.62 kB[22m[1m[22m[2m │ gzip:   1.56 kB[22m
[2m../../../../var/folders/dr/q63rk__n7l1bbkhkcbdhtrx00000gn/T/chromatic--9299-YQPAXCYdbEpZ/[22m[2massets/[22m[36mindex-uubelm5h.js                       [39m[1m[2m  7.81 kB[22m[1m[22m[2m │ gzip:   3.08 kB[22m
[2m../../../../var/folders/dr/q63rk__n7l1bbkhkcbdhtrx00000gn/T/chromatic--9299-YQPAXCYdbEpZ/[22m[2massets/[22m[36mpreview-Db4Idchh.js                     [39m[1m[2m  8.11 kB[22m[1m[22m[2m │ gzip:   3.09 kB[22m
[2m../../../../var/folders/dr/q63rk__n7l1bbkhkcbdhtrx00000gn/T/chromatic--9299-YQPAXCYdbEpZ/[22m[2massets/[22m[36mConfigure-DddNl05_.js                   [39m[1m[2m 25.78 kB[22m[1m[22m[2m │ gzip:  11.02 kB[22m
[2m../../../../var/folders/dr/q63rk__n7l1bbkhkcbdhtrx00000gn/T/chromatic--9299-YQPAXCYdbEpZ/[22m[2massets/[22m[36mColor-PRSJMWNM-CGWChLYm.js              [39m[1m[2m 31.10 kB[22m[1m[22m[2m │ gzip:  11.79 kB[22m
[2m../../../../var/folders/dr/q63rk__n7l1bbkhkcbdhtrx00000gn/T/chromatic--9299-YQPAXCYdbEpZ/[22m[2massets/[22m[36mindex-DuM-I7-B.js                       [39m[1m[2m 60.96 kB[22m[1m[22m[2m │ gzip:  21.23 kB[22m
[2m../../../../var/folders/dr/q63rk__n7l1bbkhkcbdhtrx00000gn/T/chromatic--9299-YQPAXCYdbEpZ/[22m[2massets/[22m[36mindex-D0OBZnxu.js                       [39m[1m[2m 78.91 kB[22m[1m[22m[2m │ gzip:  23.66 kB[22m
[2m../../../../var/folders/dr/q63rk__n7l1bbkhkcbdhtrx00000gn/T/chromatic--9299-YQPAXCYdbEpZ/[22m[2massets/[22m[36mindex-Dei0BBcc.js                       [39m[1m[2m133.96 kB[22m[1m[22m[2m │ gzip:  43.14 kB[22m
[2m../../../../var/folders/dr/q63rk__n7l1bbkhkcbdhtrx00000gn/T/chromatic--9299-YQPAXCYdbEpZ/[22m[2massets/[22m[36mformatter-2WMMO6ZP-D3m2d_qv.js          [39m[1m[2m210.64 kB[22m[1m[22m[2m │ gzip:  70.60 kB[22m
[2m../../../../var/folders/dr/q63rk__n7l1bbkhkcbdhtrx00000gn/T/chromatic--9299-YQPAXCYdbEpZ/[22m[2massets/[22m[36mentry-preview-docs-Dai2OImE.js          [39m[1m[2m212.71 kB[22m[1m[22m[2m │ gzip:  66.59 kB[22m
[2m../../../../var/folders/dr/q63rk__n7l1bbkhkcbdhtrx00000gn/T/chromatic--9299-YQPAXCYdbEpZ/[22m[2massets/[22m[36mButton-De-Z9aF2.js                      [39m[1m[33m525.06 kB[39m[22m[2m │ gzip: 135.82 kB[22m
[2m../../../../var/folders/dr/q63rk__n7l1bbkhkcbdhtrx00000gn/T/chromatic--9299-YQPAXCYdbEpZ/[22m[2massets/[22m[36mindex-BDaKYSsO.js                       [39m[1m[33m618.31 kB[39m[22m[2m │ gzip: 188.30 kB[22m
[32m✓ built in 2.58s[39m
info => Preview built (2.86 s)
info => Output directory: /var/folders/dr/q63rk__n7l1bbkhkcbdhtrx00000gn/T/chromatic--9299-YQPAXCYdbEpZ
